<?xml version="1.0" encoding="UTF-8"?>
<testsuite name="com.example.qr_go.objects.QRCodeTest" tests="2" skipped="0" failures="0" errors="0" timestamp="2022-04-05T03:17:22" hostname="fv-az135-446" time="0.003">
  <properties/>
  <testcase name="convertsStringToHash" classname="com.example.qr_go.objects.QRCodeTest" time="0.002"/>
  <testcase name="hashIsId" classname="com.example.qr_go.objects.QRCodeTest" time="0.0"/>
  <system-out><![CDATA[]]></system-out>
  <system-err><![CDATA[]]></system-err>
</testsuite>
