<?xml version="1.0" encoding="UTF-8"?>
<testsuite name="com.example.qr_go.UserTest" tests="2" skipped="2" failures="0" errors="0" timestamp="2022-03-10T00:18:01" hostname="fv-az47-875" time="0.008">
  <properties/>
  <testcase name="userLoginQRTest" classname="com.example.qr_go.UserTest" time="0.007">
    <skipped/>
  </testcase>
  <testcase name="userStatusQRTest" classname="com.example.qr_go.UserTest" time="0.0">
    <skipped/>
  </testcase>
  <system-out><![CDATA[]]></system-out>
  <system-err><![CDATA[]]></system-err>
</testsuite>
