<?xml version="1.0" encoding="UTF-8"?>
<testsuite name="com.example.qr_go.objects.QRArrayAdapterTest" tests="2" skipped="0" failures="0" errors="0" timestamp="2022-04-04T21:28:43" hostname="fv-az39-389" time="0.01">
  <properties/>
  <testcase name="TestSearchQRConstructor" classname="com.example.qr_go.objects.QRArrayAdapterTest" time="0.009"/>
  <testcase name="TestUserQRConstructor" classname="com.example.qr_go.objects.QRArrayAdapterTest" time="0.0"/>
  <system-out><![CDATA[]]></system-out>
  <system-err><![CDATA[]]></system-err>
</testsuite>
