<?xml version="1.0" encoding="UTF-8"?>
<testsuite name="com.example.qr_go.objects.GeoLocationTest" tests="1" skipped="0" failures="0" errors="0" timestamp="2022-04-04T21:29:58" hostname="fv-az47-813" time="0.006">
  <properties/>
  <testcase name="checkConstructor" classname="com.example.qr_go.objects.GeoLocationTest" time="0.006"/>
  <system-out><![CDATA[]]></system-out>
  <system-err><![CDATA[]]></system-err>
</testsuite>
