<?xml version="1.0" encoding="UTF-8"?>
<testsuite name="com.example.qr_go.objects.QRArrayAdapterTest" tests="2" skipped="0" failures="0" errors="0" timestamp="2022-04-05T21:45:25" hostname="fv-az135-448" time="0.008">
  <properties/>
  <testcase name="TestSearchQRConstructor" classname="com.example.qr_go.objects.QRArrayAdapterTest" time="0.007"/>
  <testcase name="TestUserQRConstructor" classname="com.example.qr_go.objects.QRArrayAdapterTest" time="0.0"/>
  <system-out><![CDATA[]]></system-out>
  <system-err><![CDATA[]]></system-err>
</testsuite>
