<?xml version="1.0" encoding="UTF-8"?>
<testsuite name="com.example.qr_go.objects.CommentsQRTest" tests="2" skipped="0" failures="0" errors="0" timestamp="2022-04-06T15:49:22" hostname="fv-az72-610" time="2.004">
  <properties/>
  <testcase name="testCommentListSize" classname="com.example.qr_go.objects.CommentsQRTest" time="2.003"/>
  <testcase name="testGetMessage" classname="com.example.qr_go.objects.CommentsQRTest" time="0.001"/>
  <system-out><![CDATA[]]></system-out>
  <system-err><![CDATA[]]></system-err>
</testsuite>
