<?xml version="1.0" encoding="UTF-8"?>
<testsuite name="com.example.qr_go.objects.QRArrayAdapterTest" tests="2" skipped="0" failures="0" errors="0" timestamp="2022-04-05T15:54:10" hostname="fv-az82-737" time="0.003">
  <properties/>
  <testcase name="TestSearchQRConstructor" classname="com.example.qr_go.objects.QRArrayAdapterTest" time="0.002"/>
  <testcase name="TestUserQRConstructor" classname="com.example.qr_go.objects.QRArrayAdapterTest" time="0.001"/>
  <system-out><![CDATA[]]></system-out>
  <system-err><![CDATA[]]></system-err>
</testsuite>
