<?xml version="1.0" encoding="UTF-8"?>
<testsuite name="com.example.qr_go.UserTest" tests="4" skipped="0" failures="0" errors="0" timestamp="2022-03-13T19:54:48" hostname="fv-az127-208" time="0.019">
  <properties/>
  <testcase name="testGetHighestScore" classname="com.example.qr_go.UserTest" time="0.012"/>
  <testcase name="testRemoveQRCode" classname="com.example.qr_go.UserTest" time="0.002"/>
  <testcase name="testAddQRCode" classname="com.example.qr_go.UserTest" time="0.002"/>
  <testcase name="testGetTotalScore" classname="com.example.qr_go.UserTest" time="0.002"/>
  <system-out><![CDATA[]]></system-out>
  <system-err><![CDATA[]]></system-err>
</testsuite>
