<?xml version="1.0" encoding="UTF-8"?>
<testsuite name="com.example.qr_go.CommentTest" tests="3" skipped="0" failures="0" errors="0" timestamp="2022-03-13T18:31:50" hostname="fv-az121-206" time="0.013">
  <properties/>
  <testcase name="testCommentListSize" classname="com.example.qr_go.CommentTest" time="0.003"/>
  <testcase name="testSetMessage" classname="com.example.qr_go.CommentTest" time="0.0"/>
  <testcase name="testGetMessage" classname="com.example.qr_go.CommentTest" time="0.0"/>
  <system-out><![CDATA[]]></system-out>
  <system-err><![CDATA[]]></system-err>
</testsuite>
