<?xml version="1.0" encoding="UTF-8"?>
<testsuite name="com.example.qr_go.GameQRCodeTest" tests="2" skipped="0" failures="0" errors="0" timestamp="2022-03-08T23:36:41" hostname="fv-az128-114" time="0.006">
  <properties/>
  <testcase name="checkScoringAlgorithm" classname="com.example.qr_go.GameQRCodeTest" time="0.005"/>
  <testcase name="checkScore" classname="com.example.qr_go.GameQRCodeTest" time="0.0"/>
  <system-out><![CDATA[]]></system-out>
  <system-err><![CDATA[]]></system-err>
</testsuite>
