<?xml version="1.0" encoding="UTF-8"?>
<testsuite name="com.example.qr_go.objects.UserTest" tests="5" skipped="0" failures="0" errors="0" timestamp="2022-03-31T15:45:53" hostname="fv-az131-565" time="0.073">
  <properties/>
  <testcase name="testGetHighestScore" classname="com.example.qr_go.objects.UserTest" time="0.015"/>
  <testcase name="testRemoveQRCode" classname="com.example.qr_go.objects.UserTest" time="0.001"/>
  <testcase name="testIsEmailValid" classname="com.example.qr_go.objects.UserTest" time="0.036"/>
  <testcase name="testAddQRCode" classname="com.example.qr_go.objects.UserTest" time="0.004"/>
  <testcase name="testGetTotalScore" classname="com.example.qr_go.objects.UserTest" time="0.003"/>
  <system-out><![CDATA[]]></system-out>
  <system-err><![CDATA[]]></system-err>
</testsuite>
