<?xml version="1.0" encoding="UTF-8"?>
<testsuite name="com.example.qr_go.objects.QRCodeTest" tests="2" skipped="0" failures="0" errors="0" timestamp="2022-03-30T02:04:11" hostname="fv-az82-726" time="0.01">
  <properties/>
  <testcase name="convertsStringToHash" classname="com.example.qr_go.objects.QRCodeTest" time="0.009"/>
  <testcase name="hashIsId" classname="com.example.qr_go.objects.QRCodeTest" time="0.0"/>
  <system-out><![CDATA[]]></system-out>
  <system-err><![CDATA[]]></system-err>
</testsuite>
