<?xml version="1.0" encoding="UTF-8"?>
<testsuite name="com.example.qr_go.CommentsQRTest" tests="3" skipped="0" failures="0" errors="0" timestamp="2022-03-21T00:57:52" hostname="fv-az135-417" time="0.009">
  <properties/>
  <testcase name="testCommentListSize" classname="com.example.qr_go.CommentsQRTest" time="0.008"/>
  <testcase name="testSetMessage" classname="com.example.qr_go.CommentsQRTest" time="0.0"/>
  <testcase name="testGetMessage" classname="com.example.qr_go.CommentsQRTest" time="0.0"/>
  <system-out><![CDATA[]]></system-out>
  <system-err><![CDATA[]]></system-err>
</testsuite>
