<?xml version="1.0" encoding="UTF-8"?>
<testsuite name="com.example.qr_go.objects.UserTest" tests="5" skipped="0" failures="0" errors="0" timestamp="2022-03-31T03:10:21" hostname="fv-az82-861" time="0.059">
  <properties/>
  <testcase name="testGetHighestScore" classname="com.example.qr_go.objects.UserTest" time="0.013"/>
  <testcase name="testRemoveQRCode" classname="com.example.qr_go.objects.UserTest" time="0.002"/>
  <testcase name="testIsEmailValid" classname="com.example.qr_go.objects.UserTest" time="0.041"/>
  <testcase name="testAddQRCode" classname="com.example.qr_go.objects.UserTest" time="0.0"/>
  <testcase name="testGetTotalScore" classname="com.example.qr_go.objects.UserTest" time="0.0"/>
  <system-out><![CDATA[]]></system-out>
  <system-err><![CDATA[]]></system-err>
</testsuite>
