<?xml version="1.0" encoding="UTF-8"?>
<testsuite name="com.example.qr_go.CommentTest" tests="2" skipped="0" failures="0" errors="0" timestamp="2022-03-07T04:43:35" hostname="fv-az128-211" time="0.003">
  <properties/>
  <testcase name="testSetMessage" classname="com.example.qr_go.CommentTest" time="0.002"/>
  <testcase name="testGetMessage" classname="com.example.qr_go.CommentTest" time="0.001"/>
  <system-out><![CDATA[]]></system-out>
  <system-err><![CDATA[]]></system-err>
</testsuite>
