<?xml version="1.0" encoding="UTF-8"?>
<testsuite name="com.example.qr_go.objects.UserTest" tests="5" skipped="0" failures="0" errors="0" timestamp="2022-04-04T01:06:32" hostname="fv-az128-665" time="0.044">
  <properties/>
  <testcase name="testGetHighestScore" classname="com.example.qr_go.objects.UserTest" time="0.005"/>
  <testcase name="testRemoveQRCode" classname="com.example.qr_go.objects.UserTest" time="0.002"/>
  <testcase name="testIsEmailValid" classname="com.example.qr_go.objects.UserTest" time="0.029"/>
  <testcase name="testAddQRCode" classname="com.example.qr_go.objects.UserTest" time="0.007"/>
  <testcase name="testGetTotalScore" classname="com.example.qr_go.objects.UserTest" time="0.0"/>
  <system-out><![CDATA[]]></system-out>
  <system-err><![CDATA[]]></system-err>
</testsuite>
