<?xml version="1.0" encoding="UTF-8"?>
<testsuite name="com.example.qr_go.StatusQRCodeTest" tests="1" skipped="0" failures="0" errors="0" timestamp="2022-03-27T19:23:46" hostname="fv-az82-726" time="0.0">
  <properties/>
  <testcase name="testGetData" classname="com.example.qr_go.StatusQRCodeTest" time="0.0"/>
  <system-out><![CDATA[]]></system-out>
  <system-err><![CDATA[]]></system-err>
</testsuite>
