<?xml version="1.0" encoding="UTF-8"?>
<testsuite name="com.example.qr_go.UserTest" tests="2" skipped="0" failures="0" errors="0" timestamp="2022-03-02T21:16:53" hostname="fv-az128-13" time="0.008">
  <properties/>
  <testcase name="userLoginQRTest" classname="com.example.qr_go.UserTest" time="0.006"/>
  <testcase name="userStatusQRTest" classname="com.example.qr_go.UserTest" time="0.001"/>
  <system-out><![CDATA[]]></system-out>
  <system-err><![CDATA[]]></system-err>
</testsuite>
