<?xml version="1.0" encoding="UTF-8"?>
<testsuite name="com.example.qr_go.objects.GameQRCodeTest" tests="3" skipped="0" failures="0" errors="0" timestamp="2022-04-27T18:38:39" hostname="fv-az39-503" time="0.012">
  <properties/>
  <testcase name="checkScoringAlgorithm" classname="com.example.qr_go.objects.GameQRCodeTest" time="0.003"/>
  <testcase name="testAddDeleteUser" classname="com.example.qr_go.objects.GameQRCodeTest" time="0.002"/>
  <testcase name="checkScore" classname="com.example.qr_go.objects.GameQRCodeTest" time="0.003"/>
  <system-out><![CDATA[]]></system-out>
  <system-err><![CDATA[]]></system-err>
</testsuite>
