<?xml version="1.0" encoding="UTF-8"?>
<testsuite name="com.example.qr_go.CommentTest" tests="2" skipped="0" failures="0" errors="0" timestamp="2022-03-12T08:31:17" hostname="fv-az82-300" time="0.01">
  <properties/>
  <testcase name="testSetMessage" classname="com.example.qr_go.CommentTest" time="0.009"/>
  <testcase name="testGetMessage" classname="com.example.qr_go.CommentTest" time="0.0"/>
  <system-out><![CDATA[]]></system-out>
  <system-err><![CDATA[]]></system-err>
</testsuite>
