<?xml version="1.0" encoding="UTF-8"?>
<testsuite name="com.example.qr_go.objects.UserTest" tests="6" skipped="0" failures="0" errors="0" timestamp="2022-04-05T15:54:32" hostname="fv-az131-916" time="0.064">
  <properties/>
  <testcase name="testGetHighestScore" classname="com.example.qr_go.objects.UserTest" time="0.005"/>
  <testcase name="testRemoveQRCode" classname="com.example.qr_go.objects.UserTest" time="0.001"/>
  <testcase name="testIsEmailValid" classname="com.example.qr_go.objects.UserTest" time="0.044"/>
  <testcase name="testAddQRCode" classname="com.example.qr_go.objects.UserTest" time="0.003"/>
  <testcase name="testGetTotalScore" classname="com.example.qr_go.objects.UserTest" time="0.001"/>
  <testcase name="testGetLowestQRCode" classname="com.example.qr_go.objects.UserTest" time="0.002"/>
  <system-out><![CDATA[]]></system-out>
  <system-err><![CDATA[]]></system-err>
</testsuite>
