<?xml version="1.0" encoding="UTF-8"?>
<testsuite name="com.example.qr_go.GameQRCodeTest" tests="2" skipped="0" failures="0" errors="0" timestamp="2022-03-07T02:09:46" hostname="fv-az47-339" time="0.012">
  <properties/>
  <testcase name="checkScoringAlgorithm" classname="com.example.qr_go.GameQRCodeTest" time="0.006"/>
  <testcase name="checkScore" classname="com.example.qr_go.GameQRCodeTest" time="0.005"/>
  <system-out><![CDATA[]]></system-out>
  <system-err><![CDATA[]]></system-err>
</testsuite>
