<?xml version="1.0" encoding="UTF-8"?>
<testsuite name="com.example.qr_go.GameQRCodeTest" tests="2" skipped="0" failures="0" errors="0" timestamp="2022-03-13T21:14:19" hostname="fv-az135-704" time="0.019">
  <properties/>
  <testcase name="checkScoringAlgorithm" classname="com.example.qr_go.GameQRCodeTest" time="0.017"/>
  <testcase name="checkScore" classname="com.example.qr_go.GameQRCodeTest" time="0.001"/>
  <system-out><![CDATA[]]></system-out>
  <system-err><![CDATA[]]></system-err>
</testsuite>
