<?xml version="1.0" encoding="UTF-8"?>
<testsuite name="com.example.qr_go.UserTest" tests="4" skipped="0" failures="0" errors="0" timestamp="2022-03-26T07:01:12" hostname="fv-az127-386" time="0.02">
  <properties/>
  <testcase name="testGetHighestScore" classname="com.example.qr_go.UserTest" time="0.015"/>
  <testcase name="testRemoveQRCode" classname="com.example.qr_go.UserTest" time="0.001"/>
  <testcase name="testAddQRCode" classname="com.example.qr_go.UserTest" time="0.001"/>
  <testcase name="testGetTotalScore" classname="com.example.qr_go.UserTest" time="0.001"/>
  <system-out><![CDATA[]]></system-out>
  <system-err><![CDATA[]]></system-err>
</testsuite>
