<?xml version="1.0" encoding="UTF-8"?>
<testsuite name="com.example.qr_go.CommentTest" tests="2" skipped="0" failures="0" errors="0" timestamp="2022-03-13T06:03:54" hostname="fv-az47-804" time="0.012">
  <properties/>
  <testcase name="testSetMessage" classname="com.example.qr_go.CommentTest" time="0.007"/>
  <testcase name="testGetMessage" classname="com.example.qr_go.CommentTest" time="0.0"/>
  <system-out><![CDATA[]]></system-out>
  <system-err><![CDATA[]]></system-err>
</testsuite>
