<?xml version="1.0" encoding="UTF-8"?>
<testsuite name="com.example.qr_go.objects.StatusQRCodeTest" tests="1" skipped="0" failures="0" errors="0" timestamp="2022-04-05T04:07:58" hostname="fv-az82-737" time="0.007">
  <properties/>
  <testcase name="testGetData" classname="com.example.qr_go.objects.StatusQRCodeTest" time="0.007"/>
  <system-out><![CDATA[]]></system-out>
  <system-err><![CDATA[]]></system-err>
</testsuite>
