<?xml version="1.0" encoding="UTF-8"?>
<testsuite name="com.example.qr_go.objects.UserTest" tests="5" skipped="0" failures="0" errors="0" timestamp="2022-04-02T23:02:50" hostname="fv-az39-277" time="0.101">
  <properties/>
  <testcase name="testGetHighestScore" classname="com.example.qr_go.objects.UserTest" time="0.017"/>
  <testcase name="testRemoveQRCode" classname="com.example.qr_go.objects.UserTest" time="0.004"/>
  <testcase name="testIsEmailValid" classname="com.example.qr_go.objects.UserTest" time="0.052"/>
  <testcase name="testAddQRCode" classname="com.example.qr_go.objects.UserTest" time="0.003"/>
  <testcase name="testGetTotalScore" classname="com.example.qr_go.objects.UserTest" time="0.005"/>
  <system-out><![CDATA[]]></system-out>
  <system-err><![CDATA[]]></system-err>
</testsuite>
