<?xml version="1.0" encoding="UTF-8"?>
<testsuite name="com.example.qr_go.ExampleUnitTest" tests="1" skipped="0" failures="0" errors="0" timestamp="2022-02-17T17:30:20" hostname="fv-az131-486" time="0.002">
  <properties/>
  <testcase name="addition_isCorrect" classname="com.example.qr_go.ExampleUnitTest" time="0.002"/>
  <system-out><![CDATA[]]></system-out>
  <system-err><![CDATA[]]></system-err>
</testsuite>
