<?xml version="1.0" encoding="UTF-8"?>
<testsuite name="com.example.qr_go.objects.GeoLocationTest" tests="1" skipped="0" failures="0" errors="0" timestamp="2022-04-02T22:25:02" hostname="fv-az127-425" time="0.0">
  <properties/>
  <testcase name="checkConstructor" classname="com.example.qr_go.objects.GeoLocationTest" time="0.0"/>
  <system-out><![CDATA[]]></system-out>
  <system-err><![CDATA[]]></system-err>
</testsuite>
