<?xml version="1.0" encoding="UTF-8"?>
<testsuite name="com.example.qr_go.UserTest" tests="4" skipped="0" failures="0" errors="0" timestamp="2022-03-21T22:13:05" hostname="fv-az39-818" time="0.038">
  <properties/>
  <testcase name="testGetHighestScore" classname="com.example.qr_go.UserTest" time="0.013"/>
  <testcase name="testRemoveQRCode" classname="com.example.qr_go.UserTest" time="0.019"/>
  <testcase name="testAddQRCode" classname="com.example.qr_go.UserTest" time="0.004"/>
  <testcase name="testGetTotalScore" classname="com.example.qr_go.UserTest" time="0.001"/>
  <system-out><![CDATA[]]></system-out>
  <system-err><![CDATA[]]></system-err>
</testsuite>
