<?xml version="1.0" encoding="UTF-8"?>
<testsuite name="com.example.qr_go.objects.GameQRCodeTest" tests="3" skipped="0" failures="0" errors="0" timestamp="2022-04-27T18:49:12" hostname="fv-az72-465" time="0.019">
  <properties/>
  <testcase name="checkScoringAlgorithm" classname="com.example.qr_go.objects.GameQRCodeTest" time="0.006"/>
  <testcase name="testAddDeleteUser" classname="com.example.qr_go.objects.GameQRCodeTest" time="0.01"/>
  <testcase name="checkScore" classname="com.example.qr_go.objects.GameQRCodeTest" time="0.001"/>
  <system-out><![CDATA[]]></system-out>
  <system-err><![CDATA[]]></system-err>
</testsuite>
