<?xml version="1.0" encoding="UTF-8"?>
<testsuite name="com.example.qr_go.ExampleUnitTest" tests="1" skipped="0" failures="0" errors="0" timestamp="2022-02-20T03:58:06" hostname="fv-az82-467" time="0.012">
  <properties/>
  <testcase name="addition_isCorrect" classname="com.example.qr_go.ExampleUnitTest" time="0.012"/>
  <system-out><![CDATA[]]></system-out>
  <system-err><![CDATA[]]></system-err>
</testsuite>
