<?xml version="1.0" encoding="UTF-8"?>
<testsuite name="com.example.qr_go.objects.StatusQRCodeTest" tests="1" skipped="0" failures="0" errors="0" timestamp="2022-04-04T00:55:49" hostname="fv-az128-665" time="0.007">
  <properties/>
  <testcase name="testGetData" classname="com.example.qr_go.objects.StatusQRCodeTest" time="0.007"/>
  <system-out><![CDATA[]]></system-out>
  <system-err><![CDATA[]]></system-err>
</testsuite>
