<?xml version="1.0" encoding="UTF-8"?>
<testsuite name="com.example.qr_go.objects.GameQRCodeTest" tests="2" skipped="0" failures="0" errors="0" timestamp="2022-04-02T21:52:26" hostname="fv-az131-565" time="0.011">
  <properties/>
  <testcase name="checkScoringAlgorithm" classname="com.example.qr_go.objects.GameQRCodeTest" time="0.01"/>
  <testcase name="checkScore" classname="com.example.qr_go.objects.GameQRCodeTest" time="0.001"/>
  <system-out><![CDATA[]]></system-out>
  <system-err><![CDATA[]]></system-err>
</testsuite>
