<?xml version="1.0" encoding="UTF-8"?>
<testsuite name="com.example.qr_go.PhotoUnitTest" tests="4" skipped="0" failures="0" errors="0" timestamp="2022-03-14T02:03:35" hostname="fv-az127-208" time="0.019">
  <properties/>
  <testcase name="checkProfilePictureRandom" classname="com.example.qr_go.PhotoUnitTest" time="0.002"/>
  <testcase name="checkQRPhotoIDRandom" classname="com.example.qr_go.PhotoUnitTest" time="0.004"/>
  <testcase name="checkQRPhotoID" classname="com.example.qr_go.PhotoUnitTest" time="0.006"/>
  <testcase name="checkProfilePicture" classname="com.example.qr_go.PhotoUnitTest" time="0.0"/>
  <system-out><![CDATA[]]></system-out>
  <system-err><![CDATA[]]></system-err>
</testsuite>
