<?xml version="1.0" encoding="UTF-8"?>
<testsuite name="com.example.qr_go.objects.LoginQRCodeTest" tests="2" skipped="1" failures="0" errors="0" timestamp="2022-04-02T20:01:50" hostname="fv-az39-277" time="0.013">
  <properties/>
  <testcase name="testParsingContent" classname="com.example.qr_go.objects.LoginQRCodeTest" time="0.012"/>
  <testcase name="testIsLoginValid" classname="com.example.qr_go.objects.LoginQRCodeTest" time="0.0">
    <skipped/>
  </testcase>
  <system-out><![CDATA[]]></system-out>
  <system-err><![CDATA[]]></system-err>
</testsuite>
