<?xml version="1.0" encoding="UTF-8"?>
<testsuite name="com.example.qr_go.objects.PhotoUnitTest" tests="4" skipped="0" failures="0" errors="0" timestamp="2022-04-02T22:25:02" hostname="fv-az127-425" time="0.014">
  <properties/>
  <testcase name="checkProfilePictureRandom" classname="com.example.qr_go.objects.PhotoUnitTest" time="0.001"/>
  <testcase name="checkQRPhotoIDRandom" classname="com.example.qr_go.objects.PhotoUnitTest" time="0.009"/>
  <testcase name="checkQRPhotoID" classname="com.example.qr_go.objects.PhotoUnitTest" time="0.0"/>
  <testcase name="checkProfilePicture" classname="com.example.qr_go.objects.PhotoUnitTest" time="0.002"/>
  <system-out><![CDATA[]]></system-out>
  <system-err><![CDATA[]]></system-err>
</testsuite>
