<?xml version="1.0" encoding="UTF-8"?>
<testsuite name="com.example.qr_go.UserTest" tests="4" skipped="0" failures="0" errors="0" timestamp="2022-03-23T21:42:39" hostname="fv-az128-377" time="0.013">
  <properties/>
  <testcase name="testGetHighestScore" classname="com.example.qr_go.UserTest" time="0.005"/>
  <testcase name="testRemoveQRCode" classname="com.example.qr_go.UserTest" time="0.0"/>
  <testcase name="testAddQRCode" classname="com.example.qr_go.UserTest" time="0.0"/>
  <testcase name="testGetTotalScore" classname="com.example.qr_go.UserTest" time="0.005"/>
  <system-out><![CDATA[]]></system-out>
  <system-err><![CDATA[]]></system-err>
</testsuite>
