<?xml version="1.0" encoding="UTF-8"?>
<testsuite name="com.example.qr_go.PhotoUnitTest" tests="4" skipped="0" failures="0" errors="0" timestamp="2022-03-09T16:41:11" hostname="fv-az128-114" time="0.007">
  <properties/>
  <testcase name="checkProfilePictureRandom" classname="com.example.qr_go.PhotoUnitTest" time="0.001"/>
  <testcase name="checkQRPhotoIDRandom" classname="com.example.qr_go.PhotoUnitTest" time="0.003"/>
  <testcase name="checkQRPhotoID" classname="com.example.qr_go.PhotoUnitTest" time="0.001"/>
  <testcase name="checkProfilePicture" classname="com.example.qr_go.PhotoUnitTest" time="0.001"/>
  <system-out><![CDATA[]]></system-out>
  <system-err><![CDATA[]]></system-err>
</testsuite>
