<?xml version="1.0" encoding="UTF-8"?>
<testsuite name="com.example.qr_go.objects.GameQRCodeTest" tests="2" skipped="0" failures="0" errors="0" timestamp="2022-03-31T21:06:28" hostname="fv-az128-665" time="0.003">
  <properties/>
  <testcase name="checkScoringAlgorithm" classname="com.example.qr_go.objects.GameQRCodeTest" time="0.001"/>
  <testcase name="checkScore" classname="com.example.qr_go.objects.GameQRCodeTest" time="0.002"/>
  <system-out><![CDATA[]]></system-out>
  <system-err><![CDATA[]]></system-err>
</testsuite>
