<?xml version="1.0" encoding="UTF-8"?>
<testsuite name="com.example.qr_go.objects.GameQRCodeTest" tests="2" skipped="0" failures="0" errors="0" timestamp="2022-04-05T02:28:36" hostname="fv-az135-446" time="0.008">
  <properties/>
  <testcase name="checkScoringAlgorithm" classname="com.example.qr_go.objects.GameQRCodeTest" time="0.007"/>
  <testcase name="checkScore" classname="com.example.qr_go.objects.GameQRCodeTest" time="0.001"/>
  <system-out><![CDATA[]]></system-out>
  <system-err><![CDATA[]]></system-err>
</testsuite>
