<?xml version="1.0" encoding="UTF-8"?>
<testsuite name="com.example.qr_go.PhotoUnitTest" tests="4" skipped="0" failures="0" errors="0" timestamp="2022-03-13T00:25:05" hostname="fv-az131-387" time="0.013">
  <properties/>
  <testcase name="checkProfilePictureRandom" classname="com.example.qr_go.PhotoUnitTest" time="0.001"/>
  <testcase name="checkQRPhotoIDRandom" classname="com.example.qr_go.PhotoUnitTest" time="0.008"/>
  <testcase name="checkQRPhotoID" classname="com.example.qr_go.PhotoUnitTest" time="0.002"/>
  <testcase name="checkProfilePicture" classname="com.example.qr_go.PhotoUnitTest" time="0.001"/>
  <system-out><![CDATA[]]></system-out>
  <system-err><![CDATA[]]></system-err>
</testsuite>
