<?xml version="1.0" encoding="UTF-8"?>
<testsuite name="com.example.qr_go.LoginQRCodeTest" tests="1" skipped="1" failures="0" errors="0" timestamp="2022-03-13T07:19:11" hostname="fv-az72-704" time="0.0">
  <properties/>
  <testcase name="testIsLoginValid" classname="com.example.qr_go.LoginQRCodeTest" time="0.0">
    <skipped/>
  </testcase>
  <system-out><![CDATA[]]></system-out>
  <system-err><![CDATA[]]></system-err>
</testsuite>
