<?xml version="1.0" encoding="UTF-8"?>
<testsuite name="com.example.qr_go.objects.StatusQRCodeTest" tests="1" skipped="0" failures="0" errors="0" timestamp="2022-04-04T01:19:19" hostname="fv-az47-788" time="0.006">
  <properties/>
  <testcase name="testGetData" classname="com.example.qr_go.objects.StatusQRCodeTest" time="0.006"/>
  <system-out><![CDATA[]]></system-out>
  <system-err><![CDATA[]]></system-err>
</testsuite>
