<?xml version="1.0" encoding="UTF-8"?>
<testsuite name="com.example.qr_go.LoginQRCodeTest" tests="2" skipped="1" failures="0" errors="0" timestamp="2022-03-23T21:43:05" hostname="fv-az82-726" time="0.011">
  <properties/>
  <testcase name="testParsingContent" classname="com.example.qr_go.LoginQRCodeTest" time="0.008"/>
  <testcase name="testIsLoginValid" classname="com.example.qr_go.LoginQRCodeTest" time="0.002">
    <skipped/>
  </testcase>
  <system-out><![CDATA[]]></system-out>
  <system-err><![CDATA[]]></system-err>
</testsuite>
