<?xml version="1.0" encoding="UTF-8"?>
<testsuite name="com.example.qr_go.ExampleUnitTest" tests="1" skipped="0" failures="0" errors="0" timestamp="2022-02-17T16:45:20" hostname="fv-az127-668" time="0.007">
  <properties/>
  <testcase name="addition_isCorrect" classname="com.example.qr_go.ExampleUnitTest" time="0.007"/>
  <system-out><![CDATA[]]></system-out>
  <system-err><![CDATA[]]></system-err>
</testsuite>
