<?xml version="1.0" encoding="UTF-8"?>
<testsuite name="com.example.qr_go.objects.PhotoUnitTest" tests="4" skipped="0" failures="0" errors="0" timestamp="2022-03-30T20:07:19" hostname="fv-az82-861" time="0.02">
  <properties/>
  <testcase name="checkProfilePictureRandom" classname="com.example.qr_go.objects.PhotoUnitTest" time="0.004"/>
  <testcase name="checkQRPhotoIDRandom" classname="com.example.qr_go.objects.PhotoUnitTest" time="0.002"/>
  <testcase name="checkQRPhotoID" classname="com.example.qr_go.objects.PhotoUnitTest" time="0.0"/>
  <testcase name="checkProfilePicture" classname="com.example.qr_go.objects.PhotoUnitTest" time="0.009"/>
  <system-out><![CDATA[]]></system-out>
  <system-err><![CDATA[]]></system-err>
</testsuite>
