<?xml version="1.0" encoding="UTF-8"?>
<testsuite name="com.example.qr_go.UserTest" tests="4" skipped="0" failures="0" errors="0" timestamp="2022-03-17T21:12:25" hostname="fv-az128-356" time="0.029">
  <properties/>
  <testcase name="testGetHighestScore" classname="com.example.qr_go.UserTest" time="0.007"/>
  <testcase name="testRemoveQRCode" classname="com.example.qr_go.UserTest" time="0.003"/>
  <testcase name="testAddQRCode" classname="com.example.qr_go.UserTest" time="0.002"/>
  <testcase name="testGetTotalScore" classname="com.example.qr_go.UserTest" time="0.002"/>
  <system-out><![CDATA[]]></system-out>
  <system-err><![CDATA[]]></system-err>
</testsuite>
