<?xml version="1.0" encoding="UTF-8"?>
<testsuite name="com.example.qr_go.objects.QRArrayAdapterTest" tests="1" skipped="0" failures="0" errors="0" timestamp="2022-04-02T05:44:29" hostname="fv-az121-109" time="0.007">
  <properties/>
  <testcase name="TestConstructor" classname="com.example.qr_go.objects.QRArrayAdapterTest" time="0.007"/>
  <system-out><![CDATA[]]></system-out>
  <system-err><![CDATA[]]></system-err>
</testsuite>
