<?xml version="1.0" encoding="UTF-8"?>
<testsuite name="com.example.qr_go.objects.GeoLocationTest" tests="1" skipped="0" failures="0" errors="0" timestamp="2022-04-03T08:00:34" hostname="fv-az82-861" time="0.002">
  <properties/>
  <testcase name="checkConstructor" classname="com.example.qr_go.objects.GeoLocationTest" time="0.002"/>
  <system-out><![CDATA[]]></system-out>
  <system-err><![CDATA[]]></system-err>
</testsuite>
