<?xml version="1.0" encoding="UTF-8"?>
<testsuite name="com.example.qr_go.objects.LoginQRCodeTest" tests="2" skipped="1" failures="0" errors="0" timestamp="2022-04-05T02:28:38" hostname="fv-az135-446" time="0.004">
  <properties/>
  <testcase name="testParsingContent" classname="com.example.qr_go.objects.LoginQRCodeTest" time="0.002"/>
  <testcase name="testIsLoginValid" classname="com.example.qr_go.objects.LoginQRCodeTest" time="0.001">
    <skipped/>
  </testcase>
  <system-out><![CDATA[]]></system-out>
  <system-err><![CDATA[]]></system-err>
</testsuite>
