<?xml version="1.0" encoding="UTF-8"?>
<testsuite name="com.example.qr_go.objects.LoginQRCodeTest" tests="2" skipped="1" failures="0" errors="0" timestamp="2022-03-31T00:56:49" hostname="fv-az47-788" time="0.012">
  <properties/>
  <testcase name="testParsingContent" classname="com.example.qr_go.objects.LoginQRCodeTest" time="0.011"/>
  <testcase name="testIsLoginValid" classname="com.example.qr_go.objects.LoginQRCodeTest" time="0.0">
    <skipped/>
  </testcase>
  <system-out><![CDATA[]]></system-out>
  <system-err><![CDATA[]]></system-err>
</testsuite>
