<?xml version="1.0" encoding="UTF-8"?>
<testsuite name="com.example.qr_go.objects.UserTest" tests="5" skipped="0" failures="0" errors="0" timestamp="2022-04-04T21:28:39" hostname="fv-az39-389" time="0.071">
  <properties/>
  <testcase name="testGetHighestScore" classname="com.example.qr_go.objects.UserTest" time="0.007"/>
  <testcase name="testRemoveQRCode" classname="com.example.qr_go.objects.UserTest" time="0.0"/>
  <testcase name="testIsEmailValid" classname="com.example.qr_go.objects.UserTest" time="0.037"/>
  <testcase name="testAddQRCode" classname="com.example.qr_go.objects.UserTest" time="0.003"/>
  <testcase name="testGetTotalScore" classname="com.example.qr_go.objects.UserTest" time="0.002"/>
  <system-out><![CDATA[]]></system-out>
  <system-err><![CDATA[]]></system-err>
</testsuite>
