<?xml version="1.0" encoding="UTF-8"?>
<testsuite name="com.example.qr_go.CommentsQRTest" tests="3" skipped="0" failures="0" errors="0" timestamp="2022-03-13T19:42:25" hostname="fv-az39-670" time="0.014">
  <properties/>
  <testcase name="testCommentListSize" classname="com.example.qr_go.CommentsQRTest" time="0.008"/>
  <testcase name="testSetMessage" classname="com.example.qr_go.CommentsQRTest" time="0.001"/>
  <testcase name="testGetMessage" classname="com.example.qr_go.CommentsQRTest" time="0.001"/>
  <system-out><![CDATA[]]></system-out>
  <system-err><![CDATA[]]></system-err>
</testsuite>
