<?xml version="1.0" encoding="UTF-8"?>
<testsuite name="com.example.qr_go.UserTest" tests="4" skipped="0" failures="0" errors="0" timestamp="2022-03-22T00:38:52" hostname="fv-az82-726" time="0.026">
  <properties/>
  <testcase name="testGetHighestScore" classname="com.example.qr_go.UserTest" time="0.017"/>
  <testcase name="testRemoveQRCode" classname="com.example.qr_go.UserTest" time="0.001"/>
  <testcase name="testAddQRCode" classname="com.example.qr_go.UserTest" time="0.001"/>
  <testcase name="testGetTotalScore" classname="com.example.qr_go.UserTest" time="0.001"/>
  <system-out><![CDATA[]]></system-out>
  <system-err><![CDATA[]]></system-err>
</testsuite>
