<?xml version="1.0" encoding="UTF-8"?>
<testsuite name="com.example.qr_go.objects.UserTest" tests="5" skipped="0" failures="0" errors="0" timestamp="2022-04-02T19:47:41" hostname="fv-az47-788" time="0.061">
  <properties/>
  <testcase name="testGetHighestScore" classname="com.example.qr_go.objects.UserTest" time="0.014"/>
  <testcase name="testRemoveQRCode" classname="com.example.qr_go.objects.UserTest" time="0.007"/>
  <testcase name="testIsEmailValid" classname="com.example.qr_go.objects.UserTest" time="0.029"/>
  <testcase name="testAddQRCode" classname="com.example.qr_go.objects.UserTest" time="0.004"/>
  <testcase name="testGetTotalScore" classname="com.example.qr_go.objects.UserTest" time="0.001"/>
  <system-out><![CDATA[]]></system-out>
  <system-err><![CDATA[]]></system-err>
</testsuite>
