<?xml version="1.0" encoding="UTF-8"?>
<testsuite name="com.example.qr_go.QRCodeTest" tests="2" skipped="0" failures="0" errors="0" timestamp="2022-03-14T15:43:32" hostname="fv-az72-704" time="0.013">
  <properties/>
  <testcase name="convertsStringToHash" classname="com.example.qr_go.QRCodeTest" time="0.012"/>
  <testcase name="hashIsId" classname="com.example.qr_go.QRCodeTest" time="0.001"/>
  <system-out><![CDATA[]]></system-out>
  <system-err><![CDATA[]]></system-err>
</testsuite>
