<?xml version="1.0" encoding="UTF-8"?>
<testsuite name="com.example.qr_go.CommentsQRTest" tests="3" skipped="0" failures="0" errors="0" timestamp="2022-03-14T04:04:47" hostname="fv-az128-356" time="0.007">
  <properties/>
  <testcase name="testCommentListSize" classname="com.example.qr_go.CommentsQRTest" time="0.005"/>
  <testcase name="testSetMessage" classname="com.example.qr_go.CommentsQRTest" time="0.0"/>
  <testcase name="testGetMessage" classname="com.example.qr_go.CommentsQRTest" time="0.0"/>
  <system-out><![CDATA[]]></system-out>
  <system-err><![CDATA[]]></system-err>
</testsuite>
