<?xml version="1.0" encoding="UTF-8"?>
<testsuite name="com.example.qr_go.objects.UserNameGeneratorTest" tests="1" skipped="0" failures="0" errors="0" timestamp="2022-04-27T18:44:13" hostname="fv-az82-274" time="0.002">
  <properties/>
  <testcase name="testGenerateUsername" classname="com.example.qr_go.objects.UserNameGeneratorTest" time="0.002"/>
  <system-out><![CDATA[]]></system-out>
  <system-err><![CDATA[]]></system-err>
</testsuite>
