<?xml version="1.0" encoding="UTF-8"?>
<testsuite name="com.example.qr_go.LoginQRCodeTest" tests="2" skipped="1" failures="0" errors="0" timestamp="2022-03-28T01:14:22" hostname="fv-az82-726" time="0.017">
  <properties/>
  <testcase name="testParsingContent" classname="com.example.qr_go.LoginQRCodeTest" time="0.006"/>
  <testcase name="testIsLoginValid" classname="com.example.qr_go.LoginQRCodeTest" time="0.005">
    <skipped/>
  </testcase>
  <system-out><![CDATA[]]></system-out>
  <system-err><![CDATA[]]></system-err>
</testsuite>
