<?xml version="1.0" encoding="UTF-8"?>
<testsuite name="com.example.qr_go.LoginQRCodeTest" tests="2" skipped="1" failures="0" errors="0" timestamp="2022-03-22T00:05:29" hostname="fv-az127-386" time="0.005">
  <properties/>
  <testcase name="testParsingContent" classname="com.example.qr_go.LoginQRCodeTest" time="0.004"/>
  <testcase name="testIsLoginValid" classname="com.example.qr_go.LoginQRCodeTest" time="0.001">
    <skipped/>
  </testcase>
  <system-out><![CDATA[]]></system-out>
  <system-err><![CDATA[]]></system-err>
</testsuite>
