<?xml version="1.0" encoding="UTF-8"?>
<testsuite name="com.example.qr_go.objects.UserTest" tests="4" skipped="0" failures="0" errors="0" timestamp="2022-03-30T23:47:37" hostname="fv-az47-788" time="0.022">
  <properties/>
  <testcase name="testGetHighestScore" classname="com.example.qr_go.objects.UserTest" time="0.008"/>
  <testcase name="testRemoveQRCode" classname="com.example.qr_go.objects.UserTest" time="0.001"/>
  <testcase name="testAddQRCode" classname="com.example.qr_go.objects.UserTest" time="0.005"/>
  <testcase name="testGetTotalScore" classname="com.example.qr_go.objects.UserTest" time="0.002"/>
  <system-out><![CDATA[]]></system-out>
  <system-err><![CDATA[]]></system-err>
</testsuite>
