<?xml version="1.0" encoding="UTF-8"?>
<testsuite name="com.example.qr_go.CommentsQRTest" tests="3" skipped="0" failures="0" errors="0" timestamp="2022-03-26T07:01:10" hostname="fv-az127-386" time="0.006">
  <properties/>
  <testcase name="testCommentListSize" classname="com.example.qr_go.CommentsQRTest" time="0.002"/>
  <testcase name="testSetMessage" classname="com.example.qr_go.CommentsQRTest" time="0.001"/>
  <testcase name="testGetMessage" classname="com.example.qr_go.CommentsQRTest" time="0.0"/>
  <system-out><![CDATA[]]></system-out>
  <system-err><![CDATA[]]></system-err>
</testsuite>
