<?xml version="1.0" encoding="UTF-8"?>
<testsuite name="com.example.qr_go.objects.CommentsQRTest" tests="3" skipped="0" failures="0" errors="0" timestamp="2022-03-30T20:40:43" hostname="fv-az39-277" time="0.01">
  <properties/>
  <testcase name="testCommentListSize" classname="com.example.qr_go.objects.CommentsQRTest" time="0.003"/>
  <testcase name="testSetMessage" classname="com.example.qr_go.objects.CommentsQRTest" time="0.005"/>
  <testcase name="testGetMessage" classname="com.example.qr_go.objects.CommentsQRTest" time="0.002"/>
  <system-out><![CDATA[]]></system-out>
  <system-err><![CDATA[]]></system-err>
</testsuite>
