<?xml version="1.0" encoding="UTF-8"?>
<testsuite name="com.example.qr_go.objects.CommentsQRTest" tests="3" skipped="0" failures="0" errors="0" timestamp="2022-04-02T22:50:10" hostname="fv-az121-109" time="0.01">
  <properties/>
  <testcase name="testCommentListSize" classname="com.example.qr_go.objects.CommentsQRTest" time="0.005"/>
  <testcase name="testSetMessage" classname="com.example.qr_go.objects.CommentsQRTest" time="0.002"/>
  <testcase name="testGetMessage" classname="com.example.qr_go.objects.CommentsQRTest" time="0.002"/>
  <system-out><![CDATA[]]></system-out>
  <system-err><![CDATA[]]></system-err>
</testsuite>
