<?xml version="1.0" encoding="UTF-8"?>
<testsuite name="com.example.qr_go.objects.LoginQRCodeTest" tests="2" skipped="1" failures="0" errors="0" timestamp="2022-04-03T08:00:53" hostname="fv-az131-565" time="0.007">
  <properties/>
  <testcase name="testParsingContent" classname="com.example.qr_go.objects.LoginQRCodeTest" time="0.002"/>
  <testcase name="testIsLoginValid" classname="com.example.qr_go.objects.LoginQRCodeTest" time="0.003">
    <skipped/>
  </testcase>
  <system-out><![CDATA[]]></system-out>
  <system-err><![CDATA[]]></system-err>
</testsuite>
