<?xml version="1.0" encoding="UTF-8"?>
<testsuite name="com.example.qr_go.objects.QRCodeTest" tests="2" skipped="0" failures="0" errors="0" timestamp="2022-03-31T01:20:25" hostname="fv-az47-788" time="0.001">
  <properties/>
  <testcase name="convertsStringToHash" classname="com.example.qr_go.objects.QRCodeTest" time="0.0"/>
  <testcase name="hashIsId" classname="com.example.qr_go.objects.QRCodeTest" time="0.001"/>
  <system-out><![CDATA[]]></system-out>
  <system-err><![CDATA[]]></system-err>
</testsuite>
