<?xml version="1.0" encoding="UTF-8"?>
<testsuite name="com.example.qr_go.PhotoUnitTest" tests="4" skipped="0" failures="0" errors="0" timestamp="2022-03-03T03:31:16" hostname="fv-az128-13" time="0.01">
  <properties/>
  <testcase name="checkProfilePictureRandom" classname="com.example.qr_go.PhotoUnitTest" time="0.006"/>
  <testcase name="checkQRPhotoIDRandom" classname="com.example.qr_go.PhotoUnitTest" time="0.001"/>
  <testcase name="checkQRPhotoID" classname="com.example.qr_go.PhotoUnitTest" time="0.001"/>
  <testcase name="checkProfilePicture" classname="com.example.qr_go.PhotoUnitTest" time="0.0"/>
  <system-out><![CDATA[]]></system-out>
  <system-err><![CDATA[]]></system-err>
</testsuite>
