<?xml version="1.0" encoding="UTF-8"?>
<testsuite name="com.example.qr_go.QRCodeTest" tests="2" skipped="0" failures="0" errors="0" timestamp="2022-03-08T02:49:40" hostname="fv-az127-974" time="0.002">
  <properties/>
  <testcase name="convertsStringToHash" classname="com.example.qr_go.QRCodeTest" time="0.002"/>
  <testcase name="hashIsId" classname="com.example.qr_go.QRCodeTest" time="0.0"/>
  <system-out><![CDATA[]]></system-out>
  <system-err><![CDATA[]]></system-err>
</testsuite>
