<?xml version="1.0" encoding="UTF-8"?>
<testsuite name="com.example.qr_go.QRCodeTest" tests="2" skipped="0" failures="0" errors="0" timestamp="2022-03-23T22:15:32" hostname="fv-az121-573" time="0.008">
  <properties/>
  <testcase name="convertsStringToHash" classname="com.example.qr_go.QRCodeTest" time="0.003"/>
  <testcase name="hashIsId" classname="com.example.qr_go.QRCodeTest" time="0.004"/>
  <system-out><![CDATA[]]></system-out>
  <system-err><![CDATA[]]></system-err>
</testsuite>
